<?xml version="1.0" encoding="UTF-8"?>
<!-- Generated by org.testng.reporters.JUnitReportReporter -->
<testsuite hostname="DESKTOP-SN2T5CB" failures="0" tests="1" name="ecom.ebaypom" time="61.775" errors="0" timestamp="2020-04-10T19:01:00 IST" skipped="0">
  <testcase classname="ecom.ebaypom" name="getwatchesprices" time="61.775"/>
  <system-out/>
</testsuite> <!-- ecom.ebaypom -->
