<?xml version="1.0" encoding="UTF-8"?>
<!-- Generated by org.testng.reporters.JUnitReportReporter -->
<testsuite hostname="DESKTOP-0UJ338V" name="practice.scrolling" tests="1" failures="0" timestamp="1 Apr 2020 06:52:47 GMT" time="61.829" errors="0">
  <testcase name="scroll" time="61.829" classname="practice.scrolling"/>
</testsuite> <!-- practice.scrolling -->
