<?xml version="1.0" encoding="UTF-8"?>
<!-- Generated by org.testng.reporters.JUnitReportReporter -->
<testsuite hostname="DESKTOP-0UJ338V" failures="0" tests="1" name="practice.thirdlargest" time="0.010" errors="0" timestamp="5 May 2020 11:28:25 GMT">
  <testcase classname="practice.thirdlargest" name="display" time="0.010"/>
</testsuite> <!-- practice.thirdlargest -->
