<?xml version="1.0" encoding="UTF-8"?>
<!-- Generated by org.testng.reporters.JUnitReportReporter -->
<testsuite hostname="DESKTOP-0UJ338V" name="practice.Databasetesting" tests="1" failures="0" timestamp="24 Apr 2020 05:43:23 GMT" time="2.289" errors="0">
  <testcase name="testdb" time="2.289" classname="practice.Databasetesting"/>
</testsuite> <!-- practice.Databasetesting -->
