<?xml version="1.0" encoding="UTF-8"?>
<!-- Generated by org.testng.reporters.JUnitReportReporter -->
<testsuite hostname="DESKTOP-0UJ338V" failures="0" tests="1" name="practice.testng" time="0.002" errors="0" timestamp="23 Apr 2020 11:52:45 GMT">
  <testcase classname="practice.testng" name="test1" time="0.002"/>
</testsuite> <!-- practice.testng -->
