<?xml version="1.0" encoding="UTF-8"?>
<!-- Generated by org.testng.reporters.JUnitReportReporter -->
<testsuite hostname="DESKTOP-0UJ338V" failures="0" tests="1" name="practice.jenkindemo" time="0.015" errors="0" timestamp="1 Apr 2020 11:50:59 GMT">
  <testcase classname="practice.jenkindemo" name="display" time="0.015"/>
</testsuite> <!-- practice.jenkindemo -->
